<?xml version="1.0" encoding="UTF-8"?>
<!-- Generated by org.testng.reporters.JUnitXMLReporter -->
<testsuite ignored="0" hostname="LAPTOP-OAM8GH05" failures="0" tests="6" name="Default test" time="11.43" errors="0" timestamp="2023-09-12T13:52:24 IST">
  <testcase classname="api.test.DDTests" name="testPostuser" time="3.026"/>
  <testcase classname="api.test.DDTests" name="testPostuser" time="1.872"/>
  <testcase classname="api.test.DDTests" name="testPostuser" time="1.153"/>
  <testcase classname="api.test.DDTests" name="testDeleteUserByName" time="1.223"/>
  <testcase classname="api.test.DDTests" name="testDeleteUserByName" time="1.462"/>
  <testcase classname="api.test.DDTests" name="testDeleteUserByName" time="1.132"/>
</testsuite> <!-- Default test -->
