<?xml version="1.0" encoding="UTF-8"?>
<!-- Generated by org.testng.reporters.JUnitXMLReporter -->
<testsuite ignored="0" hostname="LAPTOP-OAM8GH05" failures="0" tests="4" name="PetTest" time="9.931" errors="0" timestamp="2023-09-15T17:01:35 IST">
  <testcase classname="api.test.UserTests2" name="testPostUser" time="2.965"/>
  <testcase classname="api.test.UserTests2" name="testGetUserByName" time="1.437"/>
  <testcase classname="api.test.UserTests2" name="testUpdateUserByName" time="3.021"/>
  <testcase classname="api.test.UserTests2" name="testDeleteUserByName" time="1.565"/>
</testsuite> <!-- PetTest -->
